<testsuites id="" name="" tests="2" failures="0" skipped="0" errors="0" time="24.765938">
<testsuite name="login.spec.ts" timestamp="2026-06-21T06:37:06.025Z" hostname="chromium" tests="2" failures="0" skipped="0" time="20.119" errors="0">
<testcase name="Valid Login" classname="login.spec.ts" time="13.681">
<system-out>
<![CDATA[Success Message:  Thankyou for the order. 
Order ID:  | 6a3786a2378febeacdbf974e | 
Order ID:  | 6a3786a2378febeacdbf974e | 
Logout Successful
]]>
</system-out>
</testcase>
<testcase name="Invalid Login" classname="login.spec.ts" time="6.438">
</testcase>
</testsuite>
</testsuites>